<?xml version="1.0" encoding="UTF-8"?>
<testsuite xmlns:xsi="http://www.w3.org/2001/XMLSchema-instance" xsi:noNamespaceSchemaLocation="https://maven.apache.org/surefire/maven-surefire-plugin/xsd/surefire-test-report-3.0.xsd" version="3.0" name="br.com.lbomfim.finance.FinanceApplicationTests" time="16.675" tests="1" errors="0" skipped="0" failures="0">
  <properties>
[...]
</properties>
  <testcase name="contextLoads" classname="br.com.lbomfim.finance.FinanceApplicationTests" time="0.788">
    <system-out><![CDATA[11:09:49.826 [main] INFO org.springframework.test.context.support.AnnotationConfigContextLoaderUtils -- Could not detect default configuration classes for test class [br.com.lbomfim.finance.FinanceApplicationTests]: FinanceApplicationTests does not declare any static, non-private, non-final, nested classes annotated with @Configuration.
11:09:50.022 [main] INFO org.springframework.boot.test.context.SpringBootTestContextBootstrapper -- Found @SpringBootConfiguration br.com.lbomfim.finance.FinanceApplication for test class br.com.lbomfim.finance.FinanceApplicationTests
11:09:50.332 [main] INFO org.springframework.boot.devtools.restart.RestartApplicationListener -- Restart disabled due to context in which it is running

  .   ____          _            __ _ _
 /\\ / ___'_ __ _ _(_)_ __  __ _ \ \ \ \
( ( )\___ | '_ | '_| | '_ \/ _` | \ \ \ \
 \\/  ___)| |_)| | | | | || (_| |  ) ) ) )
  '  |____| .__|_| |_|_| |_\__, | / / / /
 =========|_|==============|___/=/_/_/_/

 :: Spring Boot ::                (v3.3.5)

2024-11-11T11:09:51.056-03:00  INFO 20324 --- [           main] b.c.l.finance.FinanceApplicationTests    : Starting FinanceApplicationTests using Java 22.0.1 with PID 20324 (started by Lucas in C:\Users\Lucas\Documents\workspace-spring-tool-suite-4-4.24.0.RELEASE\finance)
2024-11-11T11:09:51.059-03:00  INFO 20324 --- [           main] b.c.l.finance.FinanceApplicationTests    : No active profile set, falling back to 1 default profile: "default"
2024-11-11T11:09:52.932-03:00  INFO 20324 --- [           main] .s.d.r.c.RepositoryConfigurationDelegate : Bootstrapping Spring Data JPA repositories in DEFAULT mode.
2024-11-11T11:09:53.027-03:00  INFO 20324 --- [           main] .s.d.r.c.RepositoryConfigurationDelegate : Finished Spring Data repository scanning in 80 ms. Found 2 JPA repository interfaces.
2024-11-11T11:09:54.304-03:00  INFO 20324 --- [           main] o.hibernate.jpa.internal.util.LogHelper  : HHH000204: Processing PersistenceUnitInfo [name: default]
2024-11-11T11:09:54.429-03:00  INFO 20324 --- [           main] org.hibernate.Version                    : HHH000412: Hibernate ORM core version 6.5.3.Final
2024-11-11T11:09:54.552-03:00  INFO 20324 --- [           main] o.h.c.internal.RegionFactoryInitiator    : HHH000026: Second-level cache disabled
2024-11-11T11:09:55.207-03:00  INFO 20324 --- [           main] o.s.o.j.p.SpringPersistenceUnitInfo      : No LoadTimeWeaver setup: ignoring JPA class transformer
2024-11-11T11:09:55.271-03:00  INFO 20324 --- [           main] com.zaxxer.hikari.HikariDataSource       : HikariPool-1 - Starting...
2024-11-11T11:09:57.583-03:00  INFO 20324 --- [           main] com.zaxxer.hikari.pool.HikariPool        : HikariPool-1 - Added connection org.postgresql.jdbc.PgConnection@7f77e065
2024-11-11T11:09:57.587-03:00  INFO 20324 --- [           main] com.zaxxer.hikari.HikariDataSource       : HikariPool-1 - Start completed.
2024-11-11T11:09:57.872-03:00  WARN 20324 --- [           main] org.hibernate.orm.deprecation            : HHH90000025: PostgreSQLDialect does not need to be specified explicitly using 'hibernate.dialect' (remove the property setting and it will be selected by default)
2024-11-11T11:10:00.146-03:00  INFO 20324 --- [           main] o.h.e.t.j.p.i.JtaPlatformInitiator       : HHH000489: No JTA platform available (set 'hibernate.transaction.jta.platform' to enable JTA platform integration)
2024-11-11T11:10:02.231-03:00  INFO 20324 --- [           main] j.LocalContainerEntityManagerFactoryBean : Initialized JPA EntityManagerFactory for persistence unit 'default'
2024-11-11T11:10:03.418-03:00  WARN 20324 --- [           main] JpaBaseConfiguration$JpaWebConfiguration : spring.jpa.open-in-view is enabled by default. Therefore, database queries may be performed during view rendering. Explicitly configure spring.jpa.open-in-view to disable this warning
2024-11-11T11:10:04.988-03:00  INFO 20324 --- [           main] o.s.b.a.e.web.EndpointLinksResolver      : Exposing 1 endpoint beneath base path '/actuator'
2024-11-11T11:10:05.210-03:00  INFO 20324 --- [           main] b.c.l.finance.FinanceApplicationTests    : Started FinanceApplicationTests in 14.897 seconds (process running for 16.593)
]]></system-out>
    <system-err><![CDATA[WARNING: A Java agent has been loaded dynamically (C:\Users\Lucas\.m2\repository\net\bytebuddy\byte-buddy-agent\1.14.19\byte-buddy-agent-1.14.19.jar)
WARNING: If a serviceability tool is in use, please run with -XX:+EnableDynamicAgentLoading to hide this warning
WARNING: If a serviceability tool is not in use, please run with -Djdk.instrument.traceUsage for more information
WARNING: Dynamic loading of agents will be disallowed by default in a future release
]]></system-err>
  </testcase>
</testsuite>